demo/build/outputs/logs/manifest-merger-debug-report.txt
-- Merging decision tree log ---
manifest
ADDED from NPJ\demo\AndroidManifest.xml:2:1-212:12
INJECTED from NPJ\demo\AndroidManifest.xml:2:1-212:12
INJECTED from NPJ\demo\AndroidManifest.xml:2:1-212:12
INJECTED from NPJ\demo\AndroidManifest.xml:2:1-212:12
INJECTED from NPJ\demo\AndroidManifest.xml:2:1-212:12
	package
		ADDED from NPJ\demo\AndroidManifest.xml:2:70-92
	android:versionName
		ADDED from NPJ\demo\AndroidManifest.xml:3:29-56
		INJECTED from NPJ\demo\AndroidManifest.xml
		INJECTED from NPJ\demo\AndroidManifest.xml
	xmlns:android
		ADDED from NPJ\demo\AndroidManifest.xml:2:11-69
	android:versionCode
		ADDED from NPJ\demo\AndroidManifest.xml:3:5-28
		INJECTED from NPJ\demo\AndroidManifest.xml
		INJECTED from NPJ\demo\AndroidManifest.xml
permission#com.zthx.npj.permission.JPUSH_MESSAGE
ADDED from NPJ\demo\AndroidManifest.xml:5:5-6:47
	android:protectionLevel
		ADDED from NPJ\demo\AndroidManifest.xml:6:9-44
	android:name
		ADDED from NPJ\demo\AndroidManifest.xml:5:17-69
uses-permission#com.zthx.npj.permission.JPUSH_MESSAGE
ADDED from NPJ\demo\AndroidManifest.xml:9:5-77
	android:name
		ADDED from NPJ\demo\AndroidManifest.xml:9:22-74
uses-permission#android.permission.RECEIVE_USER_PRESENT
ADDED from NPJ\demo\AndroidManifest.xml:10:5-79
	android:name
		ADDED from NPJ\demo\AndroidManifest.xml:10:22-76
uses-permission#android.permission.INTERNET
ADDED from NPJ\demo\AndroidManifest.xml:11:5-67
	android:name
		ADDED from NPJ\demo\AndroidManifest.xml:11:22-64
uses-permission#android.permission.WAKE_LOCK
ADDED from NPJ\demo\AndroidManifest.xml:12:5-68
	android:name
		ADDED from NPJ\demo\AndroidManifest.xml:12:22-65
uses-permission#android.permission.READ_PHONE_STATE
ADDED from NPJ\demo\AndroidManifest.xml:13:5-75
	android:name
		ADDED from NPJ\demo\AndroidManifest.xml:13:22-72
uses-permission#android.permission.WRITE_EXTERNAL_STORAGE
ADDED from NPJ\demo\AndroidManifest.xml:14:5-81
	android:name
		ADDED from NPJ\demo\AndroidManifest.xml:14:22-78
uses-permission#android.permission.READ_EXTERNAL_STORAGE
ADDED from NPJ\demo\AndroidManifest.xml:15:5-80
	android:name
		ADDED from NPJ\demo\AndroidManifest.xml:15:22-77
uses-permission#android.permission.VIBRATE
ADDED from NPJ\demo\AndroidManifest.xml:16:5-66
	android:name
		ADDED from NPJ\demo\AndroidManifest.xml:16:22-63
uses-permission#android.permission.MOUNT_UNMOUNT_FILESYSTEMS
ADDED from NPJ\demo\AndroidManifest.xml:17:5-84
	android:name
		ADDED from NPJ\demo\AndroidManifest.xml:17:22-81
uses-permission#android.permission.ACCESS_NETWORK_STATE
ADDED from NPJ\demo\AndroidManifest.xml:18:5-79
	android:name
		ADDED from NPJ\demo\AndroidManifest.xml:18:22-76
uses-permission#android.permission.WRITE_SETTINGS
ADDED from NPJ\demo\AndroidManifest.xml:19:5-73
	android:name
		ADDED from NPJ\demo\AndroidManifest.xml:19:22-70
uses-permission#android.permission.ACCESS_WIFI_STATE
ADDED from NPJ\demo\AndroidManifest.xml:20:5-76
	android:name
		ADDED from NPJ\demo\AndroidManifest.xml:20:22-73
uses-permission#android.permission.RECORD_AUDIO
ADDED from NPJ\demo\AndroidManifest.xml:23:5-71
	android:name
		ADDED from NPJ\demo\AndroidManifest.xml:23:22-68
uses-permission#android.permission.CAMERA
ADDED from NPJ\demo\AndroidManifest.xml:24:5-65
	android:name
		ADDED from NPJ\demo\AndroidManifest.xml:24:22-62
uses-permission#android.permission.MODIFY_AUDIO_SETTINGS
ADDED from NPJ\demo\AndroidManifest.xml:25:5-80
	android:name
		ADDED from NPJ\demo\AndroidManifest.xml:25:22-77
uses-permission#android.permission.SYSTEM_ALERT_WINDOW
ADDED from NPJ\demo\AndroidManifest.xml:28:5-78
	android:name
		ADDED from NPJ\demo\AndroidManifest.xml:28:22-75
uses-permission#android.permission.ACCESS_COARSE_LOCATION
ADDED from NPJ\demo\AndroidManifest.xml:29:5-81
	android:name
		ADDED from NPJ\demo\AndroidManifest.xml:29:22-78
uses-permission#android.permission.ACCESS_FINE_LOCATION
ADDED from NPJ\demo\AndroidManifest.xml:30:5-79
	android:name
		ADDED from NPJ\demo\AndroidManifest.xml:30:22-76
uses-permission#android.permission.ACCESS_LOCATION_EXTRA_COMMANDS
ADDED from NPJ\demo\AndroidManifest.xml:31:5-89
	android:name
		ADDED from NPJ\demo\AndroidManifest.xml:31:22-86
uses-permission#android.permission.CHANGE_WIFI_STATE
ADDED from NPJ\demo\AndroidManifest.xml:32:5-76
	android:name
		ADDED from NPJ\demo\AndroidManifest.xml:32:22-73
uses-permission#android.permission.CHANGE_NETWORK_STATE
ADDED from NPJ\demo\AndroidManifest.xml:33:5-79
	android:name
		ADDED from NPJ\demo\AndroidManifest.xml:33:22-76
uses-permission#android.permission.GET_TASKS
ADDED from NPJ\demo\AndroidManifest.xml:34:5-68
	android:name
		ADDED from NPJ\demo\AndroidManifest.xml:34:22-65
application
ADDED from NPJ\demo\AndroidManifest.xml:36:5-210:19
	android:label
		ADDED from NPJ\demo\AndroidManifest.xml:39:9-41
	android:icon
		ADDED from NPJ\demo\AndroidManifest.xml:38:9-43
	android:name
		ADDED from NPJ\demo\AndroidManifest.xml:37:9-67
service#im.sdk.debug.PushService
ADDED from NPJ\demo\AndroidManifest.xml:43:9-50:19
	android:process
		ADDED from NPJ\demo\AndroidManifest.xml:46:38-65
	android:enabled
		ADDED from NPJ\demo\AndroidManifest.xml:45:13-35
	android:exported
		ADDED from NPJ\demo\AndroidManifest.xml:46:13-37
	android:name
		ADDED from NPJ\demo\AndroidManifest.xml:44:13-52
intent-filter#action:name:cn.jiguang.user.service.action
ADDED from NPJ\demo\AndroidManifest.xml:47:13-49:29
action#cn.jiguang.user.service.action
ADDED from NPJ\demo\AndroidManifest.xml:48:17-73
	android:name
		ADDED from NPJ\demo\AndroidManifest.xml:48:25-70
receiver#cn.jpush.android.service.PushReceiver
ADDED from NPJ\demo\AndroidManifest.xml:53:9-72:20
	android:enabled
		ADDED from NPJ\demo\AndroidManifest.xml:55:13-35
	android:exported
		ADDED from NPJ\demo\AndroidManifest.xml:55:36-60
	android:name
		ADDED from NPJ\demo\AndroidManifest.xml:54:13-65
intent-filter#action:name:cn.jpush.android.intent.NOTIFICATION_RECEIVED_PROXY+category:name:com.zthx.npj
ADDED from NPJ\demo\AndroidManifest.xml:56:13-60:29
	android:priority
		ADDED from NPJ\demo\AndroidManifest.xml:56:28-51
action#cn.jpush.android.intent.NOTIFICATION_RECEIVED_PROXY
ADDED from NPJ\demo\AndroidManifest.xml:57:17-94
	android:name
		ADDED from NPJ\demo\AndroidManifest.xml:57:25-91
category#com.zthx.npj
ADDED from NPJ\demo\AndroidManifest.xml:59:17-57
	android:name
		ADDED from NPJ\demo\AndroidManifest.xml:59:27-54
intent-filter#action:name:android.intent.action.USER_PRESENT+action:name:android.net.conn.CONNECTIVITY_CHANGE
ADDED from NPJ\demo\AndroidManifest.xml:61:13-64:29
action#android.intent.action.USER_PRESENT
ADDED from NPJ\demo\AndroidManifest.xml:62:17-77
	android:name
		ADDED from NPJ\demo\AndroidManifest.xml:62:25-74
action#android.net.conn.CONNECTIVITY_CHANGE
ADDED from NPJ\demo\AndroidManifest.xml:63:17-79
	android:name
		ADDED from NPJ\demo\AndroidManifest.xml:63:25-76
intent-filter#action:name:android.intent.action.PACKAGE_ADDED+action:name:android.intent.action.PACKAGE_REMOVED+data:scheme:package
ADDED from NPJ\demo\AndroidManifest.xml:66:13-71:29
action#android.intent.action.PACKAGE_ADDED
ADDED from NPJ\demo\AndroidManifest.xml:67:17-78
	android:name
		ADDED from NPJ\demo\AndroidManifest.xml:67:25-75
action#android.intent.action.PACKAGE_REMOVED
ADDED from NPJ\demo\AndroidManifest.xml:68:17-80
	android:name
		ADDED from NPJ\demo\AndroidManifest.xml:68:25-77
data
ADDED from NPJ\demo\AndroidManifest.xml:70:17-50
	android:scheme
		ADDED from NPJ\demo\AndroidManifest.xml:70:23-47
receiver#cn.jpush.im.android.helpers.IMReceiver
ADDED from NPJ\demo\AndroidManifest.xml:75:9-78:39
	android:enabled
		ADDED from NPJ\demo\AndroidManifest.xml:77:13-35
	android:exported
		ADDED from NPJ\demo\AndroidManifest.xml:78:13-37
	android:name
		ADDED from NPJ\demo\AndroidManifest.xml:76:13-66
receiver#cn.jpush.android.service.AlarmReceiver
ADDED from NPJ\demo\AndroidManifest.xml:81:9-83:40
	android:exported
		ADDED from NPJ\demo\AndroidManifest.xml:83:13-37
	android:name
		ADDED from NPJ\demo\AndroidManifest.xml:82:13-66
provider#cn.jpush.android.service.DataProvider
ADDED from NPJ\demo\AndroidManifest.xml:87:9-90:40
	android:authorities
		ADDED from NPJ\demo\AndroidManifest.xml:89:13-60
	android:exported
		ADDED from NPJ\demo\AndroidManifest.xml:90:13-37
	android:name
		ADDED from NPJ\demo\AndroidManifest.xml:88:13-65
service#cn.jpush.android.service.DaemonService
ADDED from NPJ\demo\AndroidManifest.xml:94:9-102:19
	android:enabled
		ADDED from NPJ\demo\AndroidManifest.xml:96:13-35
	android:exported
		ADDED from NPJ\demo\AndroidManifest.xml:97:13-36
	android:name
		ADDED from NPJ\demo\AndroidManifest.xml:95:13-66
intent-filter#action:name:cn.jpush.android.intent.DaemonService+category:name:com.zthx.npj
ADDED from NPJ\demo\AndroidManifest.xml:98:13-101:29
action#cn.jpush.android.intent.DaemonService
ADDED from NPJ\demo\AndroidManifest.xml:99:17-80
	android:name
		ADDED from NPJ\demo\AndroidManifest.xml:99:25-77
provider#cn.jpush.im.android.helpers.ipc.IMProvider
ADDED from NPJ\demo\AndroidManifest.xml:105:9-108:40
	android:authorities
		ADDED from NPJ\demo\AndroidManifest.xml:107:13-58
	android:exported
		ADDED from NPJ\demo\AndroidManifest.xml:108:13-37
	android:name
		ADDED from NPJ\demo\AndroidManifest.xml:106:13-70
meta-data#JPUSH_CHANNEL
ADDED from NPJ\demo\AndroidManifest.xml:116:9-118:49
	android:value
		ADDED from NPJ\demo\AndroidManifest.xml:118:13-46
	android:name
		ADDED from NPJ\demo\AndroidManifest.xml:117:13-41
meta-data#JPUSH_APPKEY
ADDED from NPJ\demo\AndroidManifest.xml:120:9-122:56
	android:value
		ADDED from NPJ\demo\AndroidManifest.xml:122:13-53
	android:name
		ADDED from NPJ\demo\AndroidManifest.xml:121:13-40
activity#im.sdk.debug.activity.RegisterAndLoginActivity
ADDED from NPJ\demo\AndroidManifest.xml:124:9-132:20
	android:launchMode
		ADDED from NPJ\demo\AndroidManifest.xml:126:13-44
	android:name
		ADDED from NPJ\demo\AndroidManifest.xml:125:13-74
intent-filter#action:name:android.intent.action.MAIN+category:name:android.intent.category.LAUNCHER
ADDED from NPJ\demo\AndroidManifest.xml:127:13-131:29
action#android.intent.action.MAIN
ADDED from NPJ\demo\AndroidManifest.xml:128:17-69
	android:name
		ADDED from NPJ\demo\AndroidManifest.xml:128:25-66
category#android.intent.category.LAUNCHER
ADDED from NPJ\demo\AndroidManifest.xml:130:17-77
	android:name
		ADDED from NPJ\demo\AndroidManifest.xml:130:27-74
activity#im.sdk.debug.activity.setting.RegisterActivity
ADDED from NPJ\demo\AndroidManifest.xml:133:9-83
	android:name
		ADDED from NPJ\demo\AndroidManifest.xml:133:19-80
activity#im.sdk.debug.activity.setting.SettingMainActivity
ADDED from NPJ\demo\AndroidManifest.xml:134:9-86
	android:name
		ADDED from NPJ\demo\AndroidManifest.xml:134:19-83
activity#im.sdk.debug.activity.TypeActivity
ADDED from NPJ\demo\AndroidManifest.xml:135:9-137:47
	android:launchMode
		ADDED from NPJ\demo\AndroidManifest.xml:137:13-44
	android:name
		ADDED from NPJ\demo\AndroidManifest.xml:136:13-62
activity#im.sdk.debug.activity.setting.InfoActivity
ADDED from NPJ\demo\AndroidManifest.xml:138:9-79
	android:name
		ADDED from NPJ\demo\AndroidManifest.xml:138:19-76
activity#im.sdk.debug.activity.setting.AssertEqualsActivity
ADDED from NPJ\demo\AndroidManifest.xml:139:9-87
	android:name
		ADDED from NPJ\demo\AndroidManifest.xml:139:19-84
activity#im.sdk.debug.activity.setting.GetUserInfoActivity
ADDED from NPJ\demo\AndroidManifest.xml:140:9-86
	android:name
		ADDED from NPJ\demo\AndroidManifest.xml:140:19-83
activity#im.sdk.debug.activity.setting.UpdatePassword
ADDED from NPJ\demo\AndroidManifest.xml:141:9-81
	android:name
		ADDED from NPJ\demo\AndroidManifest.xml:141:19-78
activity#im.sdk.debug.activity.setting.UpdateUserInfoActivity
ADDED from NPJ\demo\AndroidManifest.xml:142:9-89
	android:name
		ADDED from NPJ\demo\AndroidManifest.xml:142:19-86
activity#im.sdk.debug.activity.createmessage.CreateMessageActivity
ADDED from NPJ\demo\AndroidManifest.xml:143:9-94
	android:name
		ADDED from NPJ\demo\AndroidManifest.xml:143:19-91
activity#im.sdk.debug.activity.createmessage.CreateSigTextMessageActivity
ADDED from NPJ\demo\AndroidManifest.xml:144:9-101
	android:name
		ADDED from NPJ\demo\AndroidManifest.xml:144:19-98
activity#im.sdk.debug.activity.groupinfo.GroupInfoActivity
ADDED from NPJ\demo\AndroidManifest.xml:145:9-86
	android:name
		ADDED from NPJ\demo\AndroidManifest.xml:145:19-83
activity#im.sdk.debug.activity.groupinfo.CreateGroupActivity
ADDED from NPJ\demo\AndroidManifest.xml:146:9-88
	android:name
		ADDED from NPJ\demo\AndroidManifest.xml:146:19-85
activity#im.sdk.debug.activity.groupinfo.GetGroupInfoActivity
ADDED from NPJ\demo\AndroidManifest.xml:147:9-89
	android:name
		ADDED from NPJ\demo\AndroidManifest.xml:147:19-86
activity#im.sdk.debug.activity.conversation.ConversationActivity
ADDED from NPJ\demo\AndroidManifest.xml:148:9-92
	android:name
		ADDED from NPJ\demo\AndroidManifest.xml:148:19-89
activity#im.sdk.debug.activity.groupinfo.AddRemoveGroupMemberActivity
ADDED from NPJ\demo\AndroidManifest.xml:149:9-97
	android:name
		ADDED from NPJ\demo\AndroidManifest.xml:149:19-94
activity#im.sdk.debug.activity.groupinfo.UpdateGroupInfoActivity
ADDED from NPJ\demo\AndroidManifest.xml:150:9-92
	android:name
		ADDED from NPJ\demo\AndroidManifest.xml:150:19-89
activity#im.sdk.debug.activity.groupinfo.ExitGroupActivity
ADDED from NPJ\demo\AndroidManifest.xml:151:9-86
	android:name
		ADDED from NPJ\demo\AndroidManifest.xml:151:19-83
activity#im.sdk.debug.activity.groupinfo.GetLocalGroupMembersActivity
ADDED from NPJ\demo\AndroidManifest.xml:152:9-97
	android:name
		ADDED from NPJ\demo\AndroidManifest.xml:152:19-94
activity#im.sdk.debug.activity.createmessage.CreateGroupTextMsgActivity
ADDED from NPJ\demo\AndroidManifest.xml:153:9-99
	android:name
		ADDED from NPJ\demo\AndroidManifest.xml:153:19-96
activity#im.sdk.debug.activity.createmessage.CreateSigCustomMsgActivity
ADDED from NPJ\demo\AndroidManifest.xml:154:9-99
	android:name
		ADDED from NPJ\demo\AndroidManifest.xml:154:19-96
activity#im.sdk.debug.activity.createmessage.CreateSigImageMessageActivity
ADDED from NPJ\demo\AndroidManifest.xml:155:9-102
	android:name
		ADDED from NPJ\demo\AndroidManifest.xml:155:19-99
activity#im.sdk.debug.activity.createmessage.ShowMessageActivity
ADDED from NPJ\demo\AndroidManifest.xml:156:9-92
	android:name
		ADDED from NPJ\demo\AndroidManifest.xml:156:19-89
activity#im.sdk.debug.activity.createmessage.CreateGroupImageMsgActivity
ADDED from NPJ\demo\AndroidManifest.xml:157:9-100
	android:name
		ADDED from NPJ\demo\AndroidManifest.xml:157:19-97
activity#im.sdk.debug.activity.createmessage.CreateSigVoiceMsgActivity
ADDED from NPJ\demo\AndroidManifest.xml:158:9-98
	android:name
		ADDED from NPJ\demo\AndroidManifest.xml:158:19-95
activity#im.sdk.debug.activity.createmessage.CreateGroupCustomMsgActivity
ADDED from NPJ\demo\AndroidManifest.xml:159:9-101
	android:name
		ADDED from NPJ\demo\AndroidManifest.xml:159:19-98
activity#im.sdk.debug.activity.createmessage.CreateGroupVoiceMsgActivity
ADDED from NPJ\demo\AndroidManifest.xml:160:9-100
	android:name
		ADDED from NPJ\demo\AndroidManifest.xml:160:19-97
activity#im.sdk.debug.activity.notify.NotifyTypeActivity
ADDED from NPJ\demo\AndroidManifest.xml:161:9-84
	android:name
		ADDED from NPJ\demo\AndroidManifest.xml:161:19-81
activity#im.sdk.debug.activity.setting.GetBlackListActivity
ADDED from NPJ\demo\AndroidManifest.xml:162:9-87
	android:name
		ADDED from NPJ\demo\AndroidManifest.xml:162:19-84
activity#im.sdk.debug.activity.setting.AddRemoveBlackListActivity
ADDED from NPJ\demo\AndroidManifest.xml:163:9-93
	android:name
		ADDED from NPJ\demo\AndroidManifest.xml:163:19-90
activity#im.sdk.debug.activity.setting.UpdateUserAvatar
ADDED from NPJ\demo\AndroidManifest.xml:164:9-83
	android:name
		ADDED from NPJ\demo\AndroidManifest.xml:164:19-80
activity#im.sdk.debug.activity.setting.UpdateUserExtras
ADDED from NPJ\demo\AndroidManifest.xml:165:9-83
	android:name
		ADDED from NPJ\demo\AndroidManifest.xml:165:19-80
activity#im.sdk.debug.activity.messagecontent.SetGetStringExtraActivity
ADDED from NPJ\demo\AndroidManifest.xml:166:9-99
	android:name
		ADDED from NPJ\demo\AndroidManifest.xml:166:19-96
activity#im.sdk.debug.activity.messagecontent.SetGetNumberExtraActivity
ADDED from NPJ\demo\AndroidManifest.xml:167:9-99
	android:name
		ADDED from NPJ\demo\AndroidManifest.xml:167:19-96
activity#im.sdk.debug.activity.messagecontent.SetGetBooleanExtraActivity
ADDED from NPJ\demo\AndroidManifest.xml:168:9-100
	android:name
		ADDED from NPJ\demo\AndroidManifest.xml:168:19-97
activity#im.sdk.debug.activity.messagecontent.SetGetExtraActivity
ADDED from NPJ\demo\AndroidManifest.xml:169:9-93
	android:name
		ADDED from NPJ\demo\AndroidManifest.xml:169:19-90
activity#im.sdk.debug.activity.conversation.GetConversationInfoActivity
ADDED from NPJ\demo\AndroidManifest.xml:170:9-99
	android:name
		ADDED from NPJ\demo\AndroidManifest.xml:170:19-96
activity#im.sdk.debug.activity.conversation.OrderMessageActivity
ADDED from NPJ\demo\AndroidManifest.xml:171:9-92
	android:name
		ADDED from NPJ\demo\AndroidManifest.xml:171:19-89
activity#im.sdk.debug.activity.conversation.IsShowNotifySigActivity
ADDED from NPJ\demo\AndroidManifest.xml:172:9-95
	android:name
		ADDED from NPJ\demo\AndroidManifest.xml:172:19-92
activity#im.sdk.debug.activity.conversation.DeleteConversationActivity
ADDED from NPJ\demo\AndroidManifest.xml:173:9-98
	android:name
		ADDED from NPJ\demo\AndroidManifest.xml:173:19-95
activity#im.sdk.debug.activity.setting.NoDisturbListActivity
ADDED from NPJ\demo\AndroidManifest.xml:174:9-88
	android:name
		ADDED from NPJ\demo\AndroidManifest.xml:174:19-85
activity#im.sdk.debug.activity.setting.ShowLogoutReasonActivity
ADDED from NPJ\demo\AndroidManifest.xml:175:9-91
	android:name
		ADDED from NPJ\demo\AndroidManifest.xml:175:19-88
activity#im.sdk.debug.activity.createmessage.CreateSendFileActivity
ADDED from NPJ\demo\AndroidManifest.xml:176:9-95
	android:name
		ADDED from NPJ\demo\AndroidManifest.xml:176:19-92
activity#im.sdk.debug.activity.friend.FriendContactManager
ADDED from NPJ\demo\AndroidManifest.xml:177:9-86
	android:name
		ADDED from NPJ\demo\AndroidManifest.xml:177:19-83
activity#im.sdk.debug.activity.friend.AddFriendActivity
ADDED from NPJ\demo\AndroidManifest.xml:178:9-83
	android:name
		ADDED from NPJ\demo\AndroidManifest.xml:178:19-80
activity#im.sdk.debug.activity.friend.ShowFriendReasonActivity
ADDED from NPJ\demo\AndroidManifest.xml:179:9-90
	android:name
		ADDED from NPJ\demo\AndroidManifest.xml:179:19-87
activity#im.sdk.debug.activity.createmessage.CreateLocationMessageActivity
ADDED from NPJ\demo\AndroidManifest.xml:180:9-102
	android:name
		ADDED from NPJ\demo\AndroidManifest.xml:180:19-99
activity#im.sdk.debug.activity.groupinfo.BlockedGroupMsgActivity
ADDED from NPJ\demo\AndroidManifest.xml:181:9-92
	android:name
		ADDED from NPJ\demo\AndroidManifest.xml:181:19-89
activity#im.sdk.debug.activity.showinfo.ShowMyInfoUpdateActivity
ADDED from NPJ\demo\AndroidManifest.xml:182:9-92
	android:name
		ADDED from NPJ\demo\AndroidManifest.xml:182:19-89
activity#im.sdk.debug.activity.conversation.RetractMessageActivity
ADDED from NPJ\demo\AndroidManifest.xml:183:9-94
	android:name
		ADDED from NPJ\demo\AndroidManifest.xml:183:19-91
activity#im.sdk.debug.activity.conversation.ForwardMessageActivity
ADDED from NPJ\demo\AndroidManifest.xml:184:9-94
	android:name
		ADDED from NPJ\demo\AndroidManifest.xml:184:19-91
activity#im.sdk.debug.activity.conversation.MessageReceiptActivity
ADDED from NPJ\demo\AndroidManifest.xml:185:9-94
	android:name
		ADDED from NPJ\demo\AndroidManifest.xml:185:19-91
activity#im.sdk.debug.activity.createmessage.CreateTransCommandActivity
ADDED from NPJ\demo\AndroidManifest.xml:186:9-99
	android:name
		ADDED from NPJ\demo\AndroidManifest.xml:186:19-96
activity#im.sdk.debug.activity.createmessage.ShowTransCommandActivity
ADDED from NPJ\demo\AndroidManifest.xml:187:9-97
	android:name
		ADDED from NPJ\demo\AndroidManifest.xml:187:19-94
activity#im.sdk.debug.activity.chatroom.ChatRoomActivity
ADDED from NPJ\demo\AndroidManifest.xml:188:9-84
	android:name
		ADDED from NPJ\demo\AndroidManifest.xml:188:19-81
activity#im.sdk.debug.activity.groupinfo.ApplyJoinGroupActivity
ADDED from NPJ\demo\AndroidManifest.xml:189:9-91
	android:name
		ADDED from NPJ\demo\AndroidManifest.xml:189:19-88
activity#im.sdk.debug.activity.groupinfo.ShowGroupApprovalActivity
ADDED from NPJ\demo\AndroidManifest.xml:190:9-94
	android:name
		ADDED from NPJ\demo\AndroidManifest.xml:190:19-91
activity#im.sdk.debug.activity.groupinfo.SetGroupMemSilenceActivity
ADDED from NPJ\demo\AndroidManifest.xml:191:9-95
	android:name
		ADDED from NPJ\demo\AndroidManifest.xml:191:19-92
activity#im.sdk.debug.activity.groupinfo.GetPublicGroupInfosActivity
ADDED from NPJ\demo\AndroidManifest.xml:192:9-96
	android:name
		ADDED from NPJ\demo\AndroidManifest.xml:192:19-93
activity#im.sdk.debug.activity.groupinfo.GroupKeeperActivity
ADDED from NPJ\demo\AndroidManifest.xml:193:9-88
	android:name
		ADDED from NPJ\demo\AndroidManifest.xml:193:19-85
activity#im.sdk.debug.activity.groupinfo.DissolveGroupActivity
ADDED from NPJ\demo\AndroidManifest.xml:194:9-90
	android:name
		ADDED from NPJ\demo\AndroidManifest.xml:194:19-87
activity#im.sdk.debug.activity.groupinfo.ChangeGroupAdminActivity
ADDED from NPJ\demo\AndroidManifest.xml:195:9-93
	android:name
		ADDED from NPJ\demo\AndroidManifest.xml:195:19-90
activity#im.sdk.debug.activity.jmrtc.JMRTCActivity
ADDED from NPJ\demo\AndroidManifest.xml:196:9-77
	android:name
		ADDED from NPJ\demo\AndroidManifest.xml:196:19-75
activity#im.sdk.debug.activity.createmessage.CreateVideoMsgActivity
ADDED from NPJ\demo\AndroidManifest.xml:197:9-95
	android:name
		ADDED from NPJ\demo\AndroidManifest.xml:197:19-92
activity#im.sdk.debug.activity.groupinfo.HandleGroupApprovalInBatchActivity
ADDED from NPJ\demo\AndroidManifest.xml:198:9-103
	android:name
		ADDED from NPJ\demo\AndroidManifest.xml:198:19-100
activity#im.sdk.debug.activity.groupinfo.GroupMemNicknameActivity
ADDED from NPJ\demo\AndroidManifest.xml:199:9-93
	android:name
		ADDED from NPJ\demo\AndroidManifest.xml:199:19-90
activity#im.sdk.debug.activity.groupinfo.ShowMemNicknameChangedActivity
ADDED from NPJ\demo\AndroidManifest.xml:200:9-99
	android:name
		ADDED from NPJ\demo\AndroidManifest.xml:200:19-96
activity#im.sdk.debug.activity.groupinfo.GroupAnnouncementActivity
ADDED from NPJ\demo\AndroidManifest.xml:201:9-94
	android:name
		ADDED from NPJ\demo\AndroidManifest.xml:201:19-91
activity#im.sdk.debug.activity.showinfo.ShowAnnouncementChangedActivity
ADDED from NPJ\demo\AndroidManifest.xml:202:9-204:47
	android:launchMode
		ADDED from NPJ\demo\AndroidManifest.xml:204:13-44
	android:name
		ADDED from NPJ\demo\AndroidManifest.xml:203:13-90
activity#im.sdk.debug.activity.groupinfo.GroupBlackListActivity
ADDED from NPJ\demo\AndroidManifest.xml:205:9-91
	android:name
		ADDED from NPJ\demo\AndroidManifest.xml:205:19-88
activity#im.sdk.debug.activity.showinfo.ShowGroupBlcakListChangedActivity
ADDED from NPJ\demo\AndroidManifest.xml:206:9-208:47
	android:launchMode
		ADDED from NPJ\demo\AndroidManifest.xml:208:13-44
	android:name
		ADDED from NPJ\demo\AndroidManifest.xml:207:13-92
activity#im.sdk.debug.activity.showinfo.ShowChatRoomNotificationActivity
ADDED from NPJ\demo\AndroidManifest.xml:209:9-100
	android:name
		ADDED from NPJ\demo\AndroidManifest.xml:209:19-97
uses-sdk
INJECTED from NPJ\demo\AndroidManifest.xml reason: use-sdk injection requested
INJECTED from NPJ\demo\AndroidManifest.xml
INJECTED from NPJ\demo\AndroidManifest.xml
INJECTED from NPJ\demo\AndroidManifest.xml
INJECTED from NPJ\demo\AndroidManifest.xml
	android:targetSdkVersion
		INJECTED from NPJ\demo\AndroidManifest.xml
		ADDED from NPJ\demo\AndroidManifest.xml
		INJECTED from NPJ\demo\AndroidManifest.xml
	android:minSdkVersion
		INJECTED from NPJ\demo\AndroidManifest.xml
		ADDED from NPJ\demo\AndroidManifest.xml
		INJECTED from NPJ\demo\AndroidManifest.xml